Procesando archivo: libros_cleaned.csv
Datos de libros_cleaned.csv insertados con éxito.
Procesando archivo: Licencias_SinDuplicados.csv
Datos de Licencias_SinDuplicados.csv insertados con éxito.
Procesando archivo: Licencias_Terrazas_Integradas.csv
Datos de Licencias_Terrazas_Integradas.csv insertados con éxito.
Procesando archivo: Superficies_Agregadas.csv
Datos de Superficies_Agregadas.csv insertados con éxito.
Procesando archivo: Terrazas_Normalizadas.csv
Datos de Terrazas_Normalizadas.csv insertados con éxito.
Procesando archivo: libros_cleaned.csv
Datos de libros_cleaned.csv insertados con éxito.
Procesando archivo: Licencias_SinDuplicados.csv
Datos de Licencias_SinDuplicados.csv insertados con éxito.
Procesando archivo: Licencias_Terrazas_Integradas.csv
Datos de Licencias_Terrazas_Integradas.csv insertados con éxito.
Procesando archivo: Superficies_Agregadas.csv
Datos de Superficies_Agregadas.csv insertados con éxito.
Procesando archivo: Terrazas_Normalizadas.csv
Datos de Terrazas_Normalizadas.csv insertados con éxito.
