Setting default log level to "WARN".
To adjust logging level use sc.setLogLevel(newLevel). For SparkR, use setLogLevel(newLevel).
24/10/17 15:35:22 WARN NativeCodeLoader: Unable to load native-hadoop library for your platform... using builtin-java classes where applicable
INFO:__main__:Cargando archivo Terrazas_202104.csv con codificación 'utf-8'...
INFO:__main__:Archivo Terrazas_202104.csv cargado exitosamente con 6275 filas y 57 columnas.
INFO:__main__:Registros eliminados: 0
INFO:__main__:Registros restantes: 6275
INFO:__main__:Columna 'Superficie_ES' convertida a flotante.
INFO:__main__:Ratio calculado exitosamente entre 'Superficie_ES' y 'id_terraza'.
INFO:__main__:Datos normalizados de terrazas guardados en 'data/cleaned_data\Terrazas_Normalizadas.csv'
INFO:py4j.clientserver:Closing down clientserver connection
CORRECTO: el proceso con PID 17416 (proceso secundario de PID 14844)
ha sido terminado.
CORRECTO: el proceso con PID 14844 (proceso secundario de PID 11500)
ha sido terminado.
CORRECTO: el proceso con PID 11500 (proceso secundario de PID 1712)
ha sido terminado.
Setting default log level to "WARN".
To adjust logging level use sc.setLogLevel(newLevel). For SparkR, use setLogLevel(newLevel).
24/10/18 00:06:58 WARN NativeCodeLoader: Unable to load native-hadoop library for your platform... using builtin-java classes where applicable
INFO:__main__:Cargando archivo Terrazas_202104.csv con codificación 'utf-8'...
INFO:__main__:Archivo Terrazas_202104.csv cargado exitosamente con 6275 filas y 57 columnas.
INFO:__main__:Registros eliminados: 0
INFO:__main__:Registros restantes: 6275
INFO:__main__:Columna 'Superficie_ES' convertida a flotante.
INFO:__main__:Ratio calculado exitosamente entre 'Superficie_ES' y 'id_terraza'.
INFO:__main__:Datos normalizados de terrazas guardados en 'data/cleaned_data\Terrazas_Normalizadas.csv'
INFO:py4j.clientserver:Closing down clientserver connection
CORRECTO: el proceso con PID 17604 (proceso secundario de PID 18988)
ha sido terminado.
CORRECTO: el proceso con PID 18988 (proceso secundario de PID 1296)
ha sido terminado.
CORRECTO: el proceso con PID 1296 (proceso secundario de PID 3780)
ha sido terminado.
